e:\lecture\2019-2\adv. computer graphics\lecturenotes\acg_2\smooth\cameranevigation\release\vc120.pdb
e:\lecture\2019-2\adv. computer graphics\lecturenotes\acg_2\smooth\cameranevigation\release\vertex.obj
e:\lecture\2019-2\adv. computer graphics\lecturenotes\acg_2\smooth\cameranevigation\release\source.obj
e:\lecture\2019-2\adv. computer graphics\lecturenotes\acg_2\smooth\cameranevigation\release\mesh.obj
e:\lecture\2019-2\adv. computer graphics\lecturenotes\acg_2\smooth\cameranevigation\release\face.obj
e:\lecture\2019-2\adv. computer graphics\lecturenotes\acg_2\smooth\release\cameranevigation.exe
e:\lecture\2019-2\adv. computer graphics\lecturenotes\acg_2\smooth\release\cameranevigation.pdb
e:\lecture\2019-2\adv. computer graphics\lecturenotes\acg_4\ballistics\cameranevigation\release\face.obj
e:\lecture\2019-2\adv. computer graphics\lecturenotes\acg_4\ballistics\cameranevigation\release\mesh.obj
e:\lecture\2019-2\adv. computer graphics\lecturenotes\acg_4\ballistics\cameranevigation\release\source.obj
e:\lecture\2019-2\adv. computer graphics\lecturenotes\acg_4\ballistics\cameranevigation\release\vertex.obj
e:\lecture\2019-2\adv. computer graphics\lecturenotes\acg_4\ballistics\cameranevigation\release\vc120.pdb
e:\lecture\2019-2\adv. computer graphics\lecturenotes\acg_4\ballistics\release\cameranevigation.pdb
e:\lecture\2019-2\adv. computer graphics\lecturenotes\acg_4\ballistics\release\cameranevigation.exe
e:\lecture\2019-2\adv. computer graphics\lecturenotes\acg_4\ballistics\cameranevigation\release\cameranevigation.tlog\cl.command.1.tlog
e:\lecture\2019-2\adv. computer graphics\lecturenotes\acg_4\ballistics\cameranevigation\release\cameranevigation.tlog\cl.read.1.tlog
e:\lecture\2019-2\adv. computer graphics\lecturenotes\acg_4\ballistics\cameranevigation\release\cameranevigation.tlog\cl.write.1.tlog
e:\lecture\2019-2\adv. computer graphics\lecturenotes\acg_4\ballistics\cameranevigation\release\cameranevigation.tlog\link.command.1.tlog
e:\lecture\2019-2\adv. computer graphics\lecturenotes\acg_4\ballistics\cameranevigation\release\cameranevigation.tlog\link.read.1.tlog
e:\lecture\2019-2\adv. computer graphics\lecturenotes\acg_4\ballistics\cameranevigation\release\cameranevigation.tlog\link.write.1.tlog
